Java memory size is set to 16G
Launching application...

QualiMap v.2.3
Built on 2023-05-19 16:57

Selected tool: bamqc
Available memory (Mb): 32
Max memory (Mb): 15271
Mon Nov 06 16:36:11 EST 2023		WARNING	Output folder already exists, the results will be saved there

Starting bam qc....
Loading sam header...
Loading locator...
Loading reference...
Number of windows: 400, effective number of windows: 4229
Chunk of reads size: 1000
Number of threads: 8
Processed 422 out of 4229 windows...
Processed 844 out of 4229 windows...
Processed 1266 out of 4229 windows...
Processed 1688 out of 4229 windows...
Processed 2110 out of 4229 windows...
Processed 2532 out of 4229 windows...
Processed 2954 out of 4229 windows...
Processed 3376 out of 4229 windows...
Processed 3798 out of 4229 windows...
Processed 4220 out of 4229 windows...
Total processed windows:4229
Number of reads: 448421498
Number of valid reads: 453501883
Number of correct strand reads:0

Inside of regions...
Num mapped reads: 446339950
Num mapped first of pair: 223415296
Num mapped second of pair: 222924654
Num singletons: 951786
Time taken to analyze reads: 13642
Computing descriptors...
numberOfMappedBases: 66111574049
referenceSize: 2083807873
numberOfSequencedBases: 66037183715
numberOfAs: 19216178123
Computing per chromosome statistics...
Computing histograms...
Overall analysis time: 15188
end of bam qc
Computing report...
Writing HTML report...
HTML report created successfully

Finished
